<?xml version="1.0" encoding="UTF-8"?>
<!-- Generated by org.testng.reporters.JUnitXMLReporter -->
<testsuite ignored="2" hostname="DESKTOP-QIGAM93" failures="0" tests="2" name="Default test" time="9.849" errors="0" timestamp="2025-07-04T18:56:16 IST">
  <testcase classname="com.Admin_MilkRide.Module.Admin_Allmodule" name="LoginAdminpenal" time="2.392"/>
  <testcase classname="com.Admin_MilkRide.Module.Admin_Allmodule" name="Delivery_Management" time="3.026"/>
  <testcase classname="com.Admin_MilkRide.Module.Admin_Allmodule" name="Hubmanager" time="0.0">
    <ignored/>
  </testcase> <!-- Hubmanager -->
  <testcase classname="com.Admin_MilkRide.Module.Admin_Allmodule" name="HubInfo" time="0.0">
    <ignored/>
  </testcase> <!-- HubInfo -->
</testsuite> <!-- Default test -->
