<?xml version="1.0" encoding="UTF-8"?>
<!-- Generated by org.testng.reporters.JUnitXMLReporter -->
<testsuite ignored="0" hostname="DESKTOP-QIGAM93" failures="1" tests="18" name="Test" time="156.237" errors="0" timestamp="2025-07-11T18:12:20 IST">
  <testcase classname="com.Admin_MilkRide.Module.Admin_Allmodule" name="LoginAdminpenal" time="2.54"/>
  <testcase classname="com.Admin_MilkRide.Module.Admin_Allmodule" name="Hubmanager" time="6.633">
    <failure type="java.lang.AssertionError" message="The following asserts failed:
	Hub list text mismatch">
      <![CDATA[java.lang.AssertionError: The following asserts failed:
Hub list text mismatch
at com.Admin_MilkRide.Module.Admin_Allmodule.Hubmanager(Admin_Allmodule.java:180)
at java.base/java.util.ArrayList.forEach(ArrayList.java:1597)
... Removed 27 stack frames]]>
    </failure>
  </testcase> <!-- Hubmanager -->
  <testcase classname="com.Admin_MilkRide.Module.Admin_Allmodule" name="HubInfo" time="14.264"/>
  <testcase classname="com.Admin_MilkRide.Module.Admin_Allmodule" name="Delivery_Management" time="8.945"/>
  <testcase classname="com.Admin_MilkRide.Module.Admin_Allmodule" name="Billing_History" time="3.032"/>
  <testcase classname="com.Admin_MilkRide.Module.Admin_Allmodule" name="Customer_Managemnt" time="7.799"/>
  <testcase classname="com.Admin_MilkRide.Module.Admin_Allmodule" name="Product_Catalogs" time="20.317"/>
  <testcase classname="com.Admin_MilkRide.Module.Admin_Allmodule" name="Inventory_Managment" time="5.513"/>
  <testcase classname="com.Admin_MilkRide.Module.Admin_Allmodule" name="FlexProduct_Plan" time="7.054"/>
  <testcase classname="com.Admin_MilkRide.Module.Admin_Allmodule" name="Banner" time="5.521"/>
  <testcase classname="com.Admin_MilkRide.Module.Admin_Allmodule" name="Locations_Manager" time="7.194"/>
  <testcase classname="com.Admin_MilkRide.Module.Admin_Allmodule" name="Report_Module" time="34.375"/>
  <testcase classname="com.Admin_MilkRide.Module.Admin_Allmodule" name="Role_Module" time="7.254"/>
  <testcase classname="com.Admin_MilkRide.Module.Admin_Allmodule" name="Support_Management" time="5.697"/>
  <testcase classname="com.Admin_MilkRide.Module.Admin_Allmodule" name="Features" time="3.316"/>
  <testcase classname="com.Admin_MilkRide.Module.Admin_Allmodule" name="General_Setting" time="2.786"/>
  <testcase classname="com.Admin_MilkRide.Module.Admin_Allmodule" name="Manage_CMS_Pages" time="3.822"/>
  <testcase classname="com.Admin_MilkRide.Module.Admin_Allmodule" name="Site_Management" time="4.12"/>
</testsuite> <!-- Test -->
