<?xml version="1.0" encoding="UTF-8"?>
<testng-results ignored="0" total="1" passed="1" failed="0" skipped="0">
  <reporter-output>
  </reporter-output>
  <suite started-at="2025-07-10T13:29:15 IST" name="Default suite" finished-at="2025-07-10T13:29:23 IST" duration-ms="7901">
    <groups>
    </groups>
    <test started-at="2025-07-10T13:29:15 IST" name="Default test" finished-at="2025-07-10T13:29:23 IST" duration-ms="7901">
      <class name="com.Admin_MilkRide.Module.Admin_Allmodule">
        <test-method is-config="true" signature="setup()[pri:0, instance:com.Admin_MilkRide.Module.Admin_Allmodule@5b38c1ec]" started-at="2025-07-10T13:29:15 IST" name="setup" finished-at="2025-07-10T13:29:19 IST" duration-ms="4401" status="PASS">
          <reporter-output>
          </reporter-output>
        </test-method> <!-- setup -->
        <test-method signature="LoginAdminpenal()[pri:1, instance:com.Admin_MilkRide.Module.Admin_Allmodule@5b38c1ec]" started-at="2025-07-10T13:29:19 IST" name="LoginAdminpenal" finished-at="2025-07-10T13:29:22 IST" duration-ms="2578" status="PASS">
          <reporter-output>
          </reporter-output>
        </test-method> <!-- LoginAdminpenal -->
        <test-method is-config="true" signature="tearDown()[pri:0, instance:com.Admin_MilkRide.Module.Admin_Allmodule@5b38c1ec]" started-at="2025-07-10T13:29:22 IST" name="tearDown" finished-at="2025-07-10T13:29:23 IST" duration-ms="528" status="PASS">
          <reporter-output>
          </reporter-output>
        </test-method> <!-- tearDown -->
      </class> <!-- com.Admin_MilkRide.Module.Admin_Allmodule -->
    </test> <!-- Default test -->
  </suite> <!-- Default suite -->
</testng-results>
